Using pre-set license
Built from '2021.3/staging' branch; Version is '2021.3.5f1 (40eb3a945986) revision 4254522'; Using compiler version '192829333'; Build Type 'Release'
OS: 'Windows 11  (10.0.22621) 64bit Core' Language: 'en' Physical Memory: 16122 MB
BatchMode: 1, IsHumanControllingUs: 0, StartBugReporterOnCrash: 0, Is64bit: 1, IsPro: 1

COMMAND LINE ARGUMENTS:
C:\Program Files\Unity\Hub\Editor\2021.3.5f1\Editor\Unity.exe
-adb2
-batchMode
-noUpm
-name
AssetImportWorker0
-projectPath
C:/Users/fairy/Documents/GitHub/SE-Tri1-Final-Project/Prototype 1
-logFile
Logs/AssetImportWorker0.log
-srvPort
50243
Successfully changed project path to: C:/Users/fairy/Documents/GitHub/SE-Tri1-Final-Project/Prototype 1
C:/Users/fairy/Documents/GitHub/SE-Tri1-Final-Project/Prototype 1
[UnityMemory] Configuration Parameters - Can be set up in boot.config
    "memorysetup-bucket-allocator-granularity=16"
    "memorysetup-bucket-allocator-bucket-count=8"
    "memorysetup-bucket-allocator-block-size=33554432"
    "memorysetup-bucket-allocator-block-count=8"
    "memorysetup-main-allocator-block-size=16777216"
    "memorysetup-thread-allocator-block-size=16777216"
    "memorysetup-gfx-main-allocator-block-size=16777216"
    "memorysetup-gfx-thread-allocator-block-size=16777216"
    "memorysetup-cache-allocator-block-size=4194304"
    "memorysetup-typetree-allocator-block-size=2097152"
    "memorysetup-profiler-bucket-allocator-granularity=16"
    "memorysetup-profiler-bucket-allocator-bucket-count=8"
    "memorysetup-profiler-bucket-allocator-block-size=33554432"
    "memorysetup-profiler-bucket-allocator-block-count=8"
    "memorysetup-profiler-allocator-block-size=16777216"
    "memorysetup-profiler-editor-allocator-block-size=1048576"
    "memorysetup-temp-allocator-size-main=16777216"
    "memorysetup-job-temp-allocator-block-size=2097152"
    "memorysetup-job-temp-allocator-block-size-background=1048576"
    "memorysetup-job-temp-allocator-reduction-small-platforms=262144"
    "memorysetup-temp-allocator-size-background-worker=32768"
    "memorysetup-temp-allocator-size-job-worker=262144"
    "memorysetup-temp-allocator-size-preload-manager=33554432"
    "memorysetup-temp-allocator-size-nav-mesh-worker=65536"
    "memorysetup-temp-allocator-size-audio-worker=65536"
    "memorysetup-temp-allocator-size-cloud-worker=32768"
    "memorysetup-temp-allocator-size-gi-baking-worker=262144"
    "memorysetup-temp-allocator-size-gfx=262144"
Refreshing native plugins compatible for Editor in 75.31 ms, found 3 plugins.
Preloading 0 native plugins for Editor in 0.00 ms.
Initialize engine version: 2021.3.5f1 (40eb3a945986)
[Subsystems] Discovering subsystems at path C:/Program Files/Unity/Hub/Editor/2021.3.5f1/Editor/Data/Resources/UnitySubsystems
[Subsystems] Discovering subsystems at path C:/Users/fairy/Documents/GitHub/SE-Tri1-Final-Project/Prototype 1/Assets
GfxDevice: creating device client; threaded=0; jobified=0
Direct3D:
    Version:  Direct3D 11.0 [level 11.1]
    Renderer: Intel(R) Iris(R) Xe Graphics (ID=0x9a49)
    Vendor:   Intel
    VRAM:     8061 MB
    Driver:   31.0.101.4502
Initialize mono
Mono path[0] = 'C:/Program Files/Unity/Hub/Editor/2021.3.5f1/Editor/Data/Managed'
Mono path[1] = 'C:/Program Files/Unity/Hub/Editor/2021.3.5f1/Editor/Data/MonoBleedingEdge/lib/mono/unityjit-win32'
Mono config path = 'C:/Program Files/Unity/Hub/Editor/2021.3.5f1/Editor/Data/MonoBleedingEdge/etc'
Using monoOptions --debugger-agent=transport=dt_socket,embedding=1,server=y,suspend=n,address=127.0.0.1:56432
Begin MonoManager ReloadAssembly
Registering precompiled unity dll's ...
Register platform support module: C:/Program Files/Unity/Hub/Editor/2021.3.5f1/Editor/Data/PlaybackEngines/WebGLSupport/UnityEditor.WebGL.Extensions.dll
Register platform support module: C:/Program Files/Unity/Hub/Editor/2021.3.5f1/Editor/Data/PlaybackEngines/WindowsStandaloneSupport/UnityEditor.WindowsStandalone.Extensions.dll
Registered in 0.005830 seconds.
Native extension for WindowsStandalone target not found
Native extension for WebGL target not found
Refreshing native plugins compatible for Editor in 85.27 ms, found 3 plugins.
Preloading 0 native plugins for Editor in 0.00 ms.
Mono: successfully reloaded assembly
- Completed reload, in  0.711 seconds
Domain Reload Profiling:
	ReloadAssembly (712ms)
		BeginReloadAssembly (70ms)
			ExecutionOrderSort (0ms)
			DisableScriptedObjects (0ms)
			BackupInstance (0ms)
			ReleaseScriptingObjects (0ms)
			CreateAndSetChildDomain (1ms)
		EndReloadAssembly (517ms)
			LoadAssemblies (68ms)
			RebuildTransferFunctionScriptingTraits (0ms)
			SetupTypeCache (122ms)
			ReleaseScriptCaches (0ms)
			RebuildScriptCaches (35ms)
			SetupLoadedEditorAssemblies (303ms)
				LogAssemblyErrors (0ms)
				InitializePlatformSupportModulesInManaged (10ms)
				SetLoadedEditorAssemblies (0ms)
				RefreshPlugins (85ms)
				BeforeProcessingInitializeOnLoad (2ms)
				ProcessInitializeOnLoadAttributes (149ms)
				ProcessInitializeOnLoadMethodAttributes (56ms)
				AfterProcessingInitializeOnLoad (0ms)
				EditorAssembliesLoaded (0ms)
			ExecutionOrderSort2 (0ms)
			AwakeInstancesAfterBackupRestoration (0ms)
Platform modules already initialized, skipping
Registering precompiled user dll's ...
Registered in 0.008289 seconds.
Begin MonoManager ReloadAssembly
Native extension for WindowsStandalone target not found
Native extension for WebGL target not found
Refreshing native plugins compatible for Editor in 0.49 ms, found 3 plugins.
Preloading 0 native plugins for Editor in 0.00 ms.
Mono: successfully reloaded assembly
- Completed reload, in  1.285 seconds
Domain Reload Profiling:
	ReloadAssembly (1287ms)
		BeginReloadAssembly (126ms)
			ExecutionOrderSort (0ms)
			DisableScriptedObjects (6ms)
			BackupInstance (0ms)
			ReleaseScriptingObjects (0ms)
			CreateAndSetChildDomain (23ms)
		EndReloadAssembly (1026ms)
			LoadAssemblies (84ms)
			RebuildTransferFunctionScriptingTraits (0ms)
			SetupTypeCache (312ms)
			ReleaseScriptCaches (1ms)
			RebuildScriptCaches (55ms)
			SetupLoadedEditorAssemblies (518ms)
				LogAssemblyErrors (0ms)
				InitializePlatformSupportModulesInManaged (11ms)
				SetLoadedEditorAssemblies (1ms)
				RefreshPlugins (1ms)
				BeforeProcessingInitializeOnLoad (112ms)
				ProcessInitializeOnLoadAttributes (366ms)
				ProcessInitializeOnLoadMethodAttributes (19ms)
				AfterProcessingInitializeOnLoad (8ms)
				EditorAssembliesLoaded (0ms)
			ExecutionOrderSort2 (0ms)
			AwakeInstancesAfterBackupRestoration (8ms)
Platform modules already initialized, skipping
========================================================================
Worker process is ready to serve import requests
Launched and connected shader compiler UnityShaderCompiler.exe after 0.05 seconds
Refreshing native plugins compatible for Editor in 0.52 ms, found 3 plugins.
Preloading 0 native plugins for Editor in 0.00 ms.
Unloading 3045 Unused Serialized files (Serialized files now loaded: 0)
Unloading 22 unused Assets / (55.2 KB). Loaded Objects now: 3507.
Memory consumption went from 107.8 MB to 107.7 MB.
Total: 2.758400 ms (FindLiveObjects: 0.279300 ms CreateObjectMapping: 0.116400 ms MarkObjects: 2.273200 ms  DeleteObjects: 0.088000 ms)

AssetImportParameters requested are different than current active one (requested -> active):
  custom:video-decoder-ogg-theora: a1e56fd34408186e4bbccfd4996cb3dc -> 
  custom:container-muxer-webm: aa71ff27fc2769a1b78a27578f13a17b -> 
  custom:container-demuxer-webm: 4f35f7cbe854078d1ac9338744f61a02 -> 
  custom:video-encoder-webm-vp8: eb34c28f22e8b96e1ab97ce403110664 -> 
  custom:video-codec-MediaFoundation-h265: 746d11721c4dcdbdad8f713fa42b33f4 -> 
  custom:audio-encoder-webm-vorbis: bf7c407c2cedff20999df2af8eb42d56 -> 
  custom:framework-win-MediaFoundation: 216162199b28c13a410421893ffa2e32 -> 
  custom:container-demuxer-ogg: 62fdf1f143b41e24485cea50d1cbac27 -> 
  custom:video-decoder-webm-vp8: 9c59270c3fd7afecdb556c50c9e8de78 -> 
  custom:audio-decoder-ogg-vorbis: bf7c407c2cedff20999df2af8eb42d56 -> 
========================================================================
Received Import Request.
  Time since last request: 77162.361209 seconds.
  path: Assets/Assets/Cartoon Vehicles/Prefabs/YELLOW BUS.prefab
  artifactKey: Guid(3e40e63120ffc954b98cd3c4273f271e) Importer(815301076,1909f56bfc062723c751e8b465ee728b)
Start importing Assets/Assets/Cartoon Vehicles/Prefabs/YELLOW BUS.prefab using Guid(3e40e63120ffc954b98cd3c4273f271e) Importer(815301076,1909f56bfc062723c751e8b465ee728b)  -> (artifact id: '5e5ffb250a73396b0be2f377d161cf05') in 0.291362 seconds 
========================================================================
Received Import Request.
  Time since last request: 0.000043 seconds.
  path: Assets/Assets/Cartoon Vehicles/Prefabs/TRUCK_BLUE.prefab
  artifactKey: Guid(7ffee1857efe42346b9aab11dfc1756c) Importer(815301076,1909f56bfc062723c751e8b465ee728b)
Start importing Assets/Assets/Cartoon Vehicles/Prefabs/TRUCK_BLUE.prefab using Guid(7ffee1857efe42346b9aab11dfc1756c) Importer(815301076,1909f56bfc062723c751e8b465ee728b)  -> (artifact id: '2af82109396ef7356cbbfe080fb65bf1') in 0.133246 seconds 
========================================================================
Received Import Request.
  Time since last request: 0.000050 seconds.
  path: Assets/Assets/Cartoon Vehicles/Prefabs/TUK TUK.prefab
  artifactKey: Guid(c14cc8a314bda3b469e7b6c94f542ae2) Importer(815301076,1909f56bfc062723c751e8b465ee728b)
Start importing Assets/Assets/Cartoon Vehicles/Prefabs/TUK TUK.prefab using Guid(c14cc8a314bda3b469e7b6c94f542ae2) Importer(815301076,1909f56bfc062723c751e8b465ee728b)  -> (artifact id: 'b2d085b3a9b60fa1026c9ef6e46aef08') in 0.260983 seconds 
========================================================================
Received Import Request.
  Time since last request: 333.231402 seconds.
  path: Assets/Assets/Cartoon Vehicles/Textures
  artifactKey: Guid(b8a591a0e506a094da8dc93839ed3d24) Importer(815301076,1909f56bfc062723c751e8b465ee728b)
Start importing Assets/Assets/Cartoon Vehicles/Textures using Guid(b8a591a0e506a094da8dc93839ed3d24) Importer(815301076,1909f56bfc062723c751e8b465ee728b)  -> (artifact id: '8c87b2b52313fdb4cf9b4db58e5f7b44') in 0.025320 seconds 
========================================================================
Received Import Request.
  Time since last request: 0.000039 seconds.
  path: Assets/Assets/Cartoon Vehicles/Textures/HIACE_MAP_01.png
  artifactKey: Guid(93970db72cc8ccd4b94ecca372d331e6) Importer(815301076,1909f56bfc062723c751e8b465ee728b)
Start importing Assets/Assets/Cartoon Vehicles/Textures/HIACE_MAP_01.png using Guid(93970db72cc8ccd4b94ecca372d331e6) Importer(815301076,1909f56bfc062723c751e8b465ee728b)  -> (artifact id: '013071f83792c0e4e839df49a65952f9') in 0.044009 seconds 
========================================================================
Received Import Request.
  Time since last request: 2.348826 seconds.
  path: Assets/Assets/Cartoon Vehicles/Meshes/BLUE CAR.FBX
  artifactKey: Guid(4b2e1b3ba814a57489fda061230dbc8a) Importer(815301076,1909f56bfc062723c751e8b465ee728b)
Start importing Assets/Assets/Cartoon Vehicles/Meshes/BLUE CAR.FBX using Guid(4b2e1b3ba814a57489fda061230dbc8a) Importer(815301076,1909f56bfc062723c751e8b465ee728b)  -> (artifact id: 'bd6f08dd11a8772f673895ecc562fcde') in 0.133951 seconds 
========================================================================
Received Import Request.
  Time since last request: 0.000026 seconds.
  path: Assets/Assets/Cartoon Vehicles/Meshes/HI-ACE.FBX
  artifactKey: Guid(d86c58861451584468848fca293b4784) Importer(815301076,1909f56bfc062723c751e8b465ee728b)
Start importing Assets/Assets/Cartoon Vehicles/Meshes/HI-ACE.FBX using Guid(d86c58861451584468848fca293b4784) Importer(815301076,1909f56bfc062723c751e8b465ee728b)  -> (artifact id: '82cbf14ae7edda7b1609a6ca1bdc7cb8') in 0.116854 seconds 
========================================================================
Received Import Request.
  Time since last request: 0.000036 seconds.
  path: Assets/Assets/Cartoon Vehicles/Meshes/YELLOW BUS.FBX
  artifactKey: Guid(f1f21fff1119f1340b77e2cc7de97668) Importer(815301076,1909f56bfc062723c751e8b465ee728b)
Start importing Assets/Assets/Cartoon Vehicles/Meshes/YELLOW BUS.FBX using Guid(f1f21fff1119f1340b77e2cc7de97668) Importer(815301076,1909f56bfc062723c751e8b465ee728b)  -> (artifact id: 'fda35cea568d46a3a4541bbeacd92c7c') in 0.131144 seconds 
========================================================================
Received Import Request.
  Time since last request: 1.155795 seconds.
  path: Assets/Assets/Cartoon Vehicles/Meshes/Materials
  artifactKey: Guid(42bc6282ee55a074198a52501bfef268) Importer(815301076,1909f56bfc062723c751e8b465ee728b)
Start importing Assets/Assets/Cartoon Vehicles/Meshes/Materials using Guid(42bc6282ee55a074198a52501bfef268) Importer(815301076,1909f56bfc062723c751e8b465ee728b)  -> (artifact id: '59cca82c7d20e5e0e15af8871305670b') in 0.019173 seconds 
========================================================================
Received Import Request.
  Time since last request: 0.007365 seconds.
  path: Assets/Assets/Cartoon Vehicles/Meshes/Materials/24 - Default.mat
  artifactKey: Guid(85eb823e129fbd54ebafb16c95de2606) Importer(815301076,1909f56bfc062723c751e8b465ee728b)
Start importing Assets/Assets/Cartoon Vehicles/Meshes/Materials/24 - Default.mat using Guid(85eb823e129fbd54ebafb16c95de2606) Importer(815301076,1909f56bfc062723c751e8b465ee728b)  -> (artifact id: '9280e7105492d1ef4efdc4f8e6d44bbd') in 0.054544 seconds 
========================================================================
Received Import Request.
  Time since last request: 0.000031 seconds.
  path: Assets/Assets/Cartoon Vehicles/Meshes/Materials/LI.mat
  artifactKey: Guid(8f37f68bdc225994e853a550a22a17ac) Importer(815301076,1909f56bfc062723c751e8b465ee728b)
Start importing Assets/Assets/Cartoon Vehicles/Meshes/Materials/LI.mat using Guid(8f37f68bdc225994e853a550a22a17ac) Importer(815301076,1909f56bfc062723c751e8b465ee728b)  -> (artifact id: 'a0be286939862f033e7c280be6657050') in 0.033950 seconds 
========================================================================
Received Import Request.
  Time since last request: 0.000044 seconds.
  path: Assets/Assets/Cartoon Vehicles/Meshes/Materials/grill.mat
  artifactKey: Guid(22cb3ddb5093d7e47859bf0494a6ce76) Importer(815301076,1909f56bfc062723c751e8b465ee728b)
Start importing Assets/Assets/Cartoon Vehicles/Meshes/Materials/grill.mat using Guid(22cb3ddb5093d7e47859bf0494a6ce76) Importer(815301076,1909f56bfc062723c751e8b465ee728b)  -> (artifact id: 'cff37a9eedf13418242ac5dc0438e407') in 0.028392 seconds 
========================================================================
Received Import Request.
  Time since last request: 0.000032 seconds.
  path: Assets/Assets/Cartoon Vehicles/Meshes/Materials/LIGHT WHITE.mat
  artifactKey: Guid(e8cf7af2a4065624a9bad099521e8a93) Importer(815301076,1909f56bfc062723c751e8b465ee728b)
Start importing Assets/Assets/Cartoon Vehicles/Meshes/Materials/LIGHT WHITE.mat using Guid(e8cf7af2a4065624a9bad099521e8a93) Importer(815301076,1909f56bfc062723c751e8b465ee728b)  -> (artifact id: '419ad8e12b305af89aad984bc18584ff') in 0.027622 seconds 
========================================================================
Received Import Request.
  Time since last request: 0.000029 seconds.
  path: Assets/Assets/Cartoon Vehicles/Meshes/Materials/back light bus.mat
  artifactKey: Guid(ae642aa8d4f49ab4e81c8eab09e2305f) Importer(815301076,1909f56bfc062723c751e8b465ee728b)
Start importing Assets/Assets/Cartoon Vehicles/Meshes/Materials/back light bus.mat using Guid(ae642aa8d4f49ab4e81c8eab09e2305f) Importer(815301076,1909f56bfc062723c751e8b465ee728b)  -> (artifact id: '00389e6343482e0bda7ee783a5e500c5') in 0.040795 seconds 
========================================================================
Received Import Request.
  Time since last request: 0.000025 seconds.
  path: Assets/Assets/Cartoon Vehicles/Meshes/Materials/bus rim.mat
  artifactKey: Guid(87696d4ba65c5f341b5b4c1bc926ef5a) Importer(815301076,1909f56bfc062723c751e8b465ee728b)
Start importing Assets/Assets/Cartoon Vehicles/Meshes/Materials/bus rim.mat using Guid(87696d4ba65c5f341b5b4c1bc926ef5a) Importer(815301076,1909f56bfc062723c751e8b465ee728b)  -> (artifact id: '2c3c5cb8e58bd91c629f716321202565') in 0.039327 seconds 
========================================================================
Received Import Request.
  Time since last request: 0.000032 seconds.
  path: Assets/Assets/Cartoon Vehicles/Meshes/Materials/BUS TYRE.mat
  artifactKey: Guid(242802d25f4a5b94ea099a807e708478) Importer(815301076,1909f56bfc062723c751e8b465ee728b)
Start importing Assets/Assets/Cartoon Vehicles/Meshes/Materials/BUS TYRE.mat using Guid(242802d25f4a5b94ea099a807e708478) Importer(815301076,1909f56bfc062723c751e8b465ee728b)  -> (artifact id: '4296e65a5ea85b3514324cad3a79226a') in 0.037240 seconds 
========================================================================
Received Import Request.
  Time since last request: 0.000039 seconds.
  path: Assets/Assets/Cartoon Vehicles/Meshes/Materials/front light.mat
  artifactKey: Guid(dac257faaefdcf84daef35c3ec13fabc) Importer(815301076,1909f56bfc062723c751e8b465ee728b)
Start importing Assets/Assets/Cartoon Vehicles/Meshes/Materials/front light.mat using Guid(dac257faaefdcf84daef35c3ec13fabc) Importer(815301076,1909f56bfc062723c751e8b465ee728b)  -> (artifact id: '67ee49be8205e6d5e29827e6a1bf352a') in 0.035110 seconds 
========================================================================
Received Import Request.
  Time since last request: 0.000054 seconds.
  path: Assets/Assets/Cartoon Vehicles/Meshes/Materials/main body bus.mat
  artifactKey: Guid(833a4c8660beed244a11e1d11e1449c3) Importer(815301076,1909f56bfc062723c751e8b465ee728b)
Start importing Assets/Assets/Cartoon Vehicles/Meshes/Materials/main body bus.mat using Guid(833a4c8660beed244a11e1d11e1449c3) Importer(815301076,1909f56bfc062723c751e8b465ee728b)  -> (artifact id: '88abba4507ce7facca5ab0040440b9cb') in 0.032668 seconds 
========================================================================
Received Import Request.
  Time since last request: 0.464762 seconds.
  path: Assets/Assets/Cartoon Vehicles/Meshes/Materials/Main body color.mat
  artifactKey: Guid(65108baa331890449babc9962c6de035) Importer(815301076,1909f56bfc062723c751e8b465ee728b)
Start importing Assets/Assets/Cartoon Vehicles/Meshes/Materials/Main body color.mat using Guid(65108baa331890449babc9962c6de035) Importer(815301076,1909f56bfc062723c751e8b465ee728b)  -> (artifact id: 'a99ec8c4661e6ad8c40d8abd3460ac55') in 0.028780 seconds 
========================================================================
Received Import Request.
  Time since last request: 0.000046 seconds.
  path: Assets/Assets/Cartoon Vehicles/Meshes/Materials/METAL WHITE.mat
  artifactKey: Guid(30b7d000a30ffa044a4e95321fe55e79) Importer(815301076,1909f56bfc062723c751e8b465ee728b)
Start importing Assets/Assets/Cartoon Vehicles/Meshes/Materials/METAL WHITE.mat using Guid(30b7d000a30ffa044a4e95321fe55e79) Importer(815301076,1909f56bfc062723c751e8b465ee728b)  -> (artifact id: '7f11b46c2941b2d46ca0391560235e5d') in 0.043228 seconds 
========================================================================
Received Import Request.
  Time since last request: 0.000020 seconds.
  path: Assets/Assets/Cartoon Vehicles/Meshes/Materials/TYRE.mat
  artifactKey: Guid(fcafce63ae7d90a4cb949a11d5e3c34a) Importer(815301076,1909f56bfc062723c751e8b465ee728b)
Start importing Assets/Assets/Cartoon Vehicles/Meshes/Materials/TYRE.mat using Guid(fcafce63ae7d90a4cb949a11d5e3c34a) Importer(815301076,1909f56bfc062723c751e8b465ee728b)  -> (artifact id: '7af54dbf3a0358f2568cdf70f593710b') in 0.034576 seconds 
========================================================================
Received Import Request.
  Time since last request: 0.000038 seconds.
  path: Assets/Assets/Cartoon Vehicles/Meshes/Materials/mirror.mat
  artifactKey: Guid(be0407442a97b0b45af9264b46d24b54) Importer(815301076,1909f56bfc062723c751e8b465ee728b)
Start importing Assets/Assets/Cartoon Vehicles/Meshes/Materials/mirror.mat using Guid(be0407442a97b0b45af9264b46d24b54) Importer(815301076,1909f56bfc062723c751e8b465ee728b)  -> (artifact id: 'a3f1cc773a69a9aed00afa1e39dc10cb') in 0.031841 seconds 
========================================================================
Received Import Request.
  Time since last request: 0.000053 seconds.
  path: Assets/Assets/Cartoon Vehicles/Meshes/Materials/VAN CONTAINER.mat
  artifactKey: Guid(852c67040f1c4704cafe5644d0e27e73) Importer(815301076,1909f56bfc062723c751e8b465ee728b)
Start importing Assets/Assets/Cartoon Vehicles/Meshes/Materials/VAN CONTAINER.mat using Guid(852c67040f1c4704cafe5644d0e27e73) Importer(815301076,1909f56bfc062723c751e8b465ee728b)  -> (artifact id: '63db2692bd51a76db7bc72f9a268c265') in 0.026942 seconds 
========================================================================
Received Import Request.
  Time since last request: 0.000037 seconds.
  path: Assets/Assets/Cartoon Vehicles/Meshes/Materials/YELLOW CAR.mat
  artifactKey: Guid(207de9f886497d845bfd4fcb1ce16f4c) Importer(815301076,1909f56bfc062723c751e8b465ee728b)
Start importing Assets/Assets/Cartoon Vehicles/Meshes/Materials/YELLOW CAR.mat using Guid(207de9f886497d845bfd4fcb1ce16f4c) Importer(815301076,1909f56bfc062723c751e8b465ee728b)  -> (artifact id: '7d92c66b5ac4de5136c1f65066f6727a') in 0.031502 seconds 
========================================================================
Received Import Request.
  Time since last request: 0.000029 seconds.
  path: Assets/Assets/Cartoon Vehicles/Meshes/Materials/ORANGE LIGHT.mat
  artifactKey: Guid(70f8d65ab0d7b8c43a700f6cc3acbcef) Importer(815301076,1909f56bfc062723c751e8b465ee728b)
Start importing Assets/Assets/Cartoon Vehicles/Meshes/Materials/ORANGE LIGHT.mat using Guid(70f8d65ab0d7b8c43a700f6cc3acbcef) Importer(815301076,1909f56bfc062723c751e8b465ee728b)  -> (artifact id: '7718fb87dc701e4bc7b2143dfcf1701c') in 0.032875 seconds 
========================================================================
Received Import Request.
  Time since last request: 0.000028 seconds.
  path: Assets/Assets/Cartoon Vehicles/Meshes/Materials/NAME PLATE.mat
  artifactKey: Guid(6e9ee383b0b58944198cdc9634a0184a) Importer(815301076,1909f56bfc062723c751e8b465ee728b)
Start importing Assets/Assets/Cartoon Vehicles/Meshes/Materials/NAME PLATE.mat using Guid(6e9ee383b0b58944198cdc9634a0184a) Importer(815301076,1909f56bfc062723c751e8b465ee728b)  -> (artifact id: '85c4f71fdaa946e61c3aafd770431032') in 0.032931 seconds 
========================================================================
Received Import Request.
  Time since last request: 0.000028 seconds.
  path: Assets/Assets/Cartoon Vehicles/Meshes/Materials/Material #2691.mat
  artifactKey: Guid(fd28fdde645a0bb40af9e0d044688073) Importer(815301076,1909f56bfc062723c751e8b465ee728b)
Start importing Assets/Assets/Cartoon Vehicles/Meshes/Materials/Material #2691.mat using Guid(fd28fdde645a0bb40af9e0d044688073) Importer(815301076,1909f56bfc062723c751e8b465ee728b)  -> (artifact id: '6949d47f40688cf60787d069d7729a44') in 0.035162 seconds 
========================================================================
Received Import Request.
  Time since last request: 0.000035 seconds.
  path: Assets/Assets/Cartoon Vehicles/Meshes/Materials/white light tuktuk.mat
  artifactKey: Guid(c28c77291772e49439597fe0de343b72) Importer(815301076,1909f56bfc062723c751e8b465ee728b)
Start importing Assets/Assets/Cartoon Vehicles/Meshes/Materials/white light tuktuk.mat using Guid(c28c77291772e49439597fe0de343b72) Importer(815301076,1909f56bfc062723c751e8b465ee728b)  -> (artifact id: 'cbdf91abdf4abfa857f176049a5d68f5') in 0.029105 seconds 
========================================================================
Received Import Request.
  Time since last request: 0.000043 seconds.
  path: Assets/Assets/Cartoon Vehicles/Meshes/Materials/YELLOW LIGHT.mat
  artifactKey: Guid(12246277d557dd94183a852f319d4338) Importer(815301076,1909f56bfc062723c751e8b465ee728b)
Start importing Assets/Assets/Cartoon Vehicles/Meshes/Materials/YELLOW LIGHT.mat using Guid(12246277d557dd94183a852f319d4338) Importer(815301076,1909f56bfc062723c751e8b465ee728b)  -> (artifact id: '77d1942618c486fb39c0eb8d16263183') in 0.033447 seconds 
========================================================================
Received Import Request.
  Time since last request: 0.000049 seconds.
  path: Assets/Assets/Cartoon Vehicles/Meshes/Materials/yellow light tuktuk.mat
  artifactKey: Guid(4abfc4ec06426624fbed0df15f0fa8c0) Importer(815301076,1909f56bfc062723c751e8b465ee728b)
Start importing Assets/Assets/Cartoon Vehicles/Meshes/Materials/yellow light tuktuk.mat using Guid(4abfc4ec06426624fbed0df15f0fa8c0) Importer(815301076,1909f56bfc062723c751e8b465ee728b)  -> (artifact id: '592136ac3f2ef29d79c931e38be61358') in 0.042707 seconds 
========================================================================
Received Import Request.
  Time since last request: 0.000029 seconds.
  path: Assets/Assets/Cartoon Vehicles/Meshes/Materials/TYRE BLACK.mat
  artifactKey: Guid(b563c8fd34cf2a14c84f0a942dd19fb3) Importer(815301076,1909f56bfc062723c751e8b465ee728b)
Start importing Assets/Assets/Cartoon Vehicles/Meshes/Materials/TYRE BLACK.mat using Guid(b563c8fd34cf2a14c84f0a942dd19fb3) Importer(815301076,1909f56bfc062723c751e8b465ee728b)  -> (artifact id: 'bb2bd701df68051a588bba32d1792b78') in 0.030243 seconds 
========================================================================
Received Import Request.
  Time since last request: 0.000036 seconds.
  path: Assets/Assets/Cartoon Vehicles/Meshes/Materials/tuktuk new metal.mat
  artifactKey: Guid(a9873f68783150245be2b129f1687ff9) Importer(815301076,1909f56bfc062723c751e8b465ee728b)
Start importing Assets/Assets/Cartoon Vehicles/Meshes/Materials/tuktuk new metal.mat using Guid(a9873f68783150245be2b129f1687ff9) Importer(815301076,1909f56bfc062723c751e8b465ee728b)  -> (artifact id: '9ad7f7a9aadae357f021a2130af04210') in 0.035228 seconds 
========================================================================
Received Import Request.
  Time since last request: 7.097174 seconds.
  path: Assets/Assets/Cartoon Vehicles/Demo/scene.unity
  artifactKey: Guid(b95f5ffbe5a7c2c48bd7013101e89625) Importer(815301076,1909f56bfc062723c751e8b465ee728b)
Start importing Assets/Assets/Cartoon Vehicles/Demo/scene.unity using Guid(b95f5ffbe5a7c2c48bd7013101e89625) Importer(815301076,1909f56bfc062723c751e8b465ee728b)  -> (artifact id: '0d82c22f65f03443123442d3e56dc933') in 0.021417 seconds 
========================================================================
Received Import Request.
  Time since last request: 37.650332 seconds.
  path: Assets/Assets/Cartoon Vehicles/Meshes/HI-ACE.FBX
  artifactKey: Guid(d86c58861451584468848fca293b4784) Importer(815301076,1909f56bfc062723c751e8b465ee728b)
Start importing Assets/Assets/Cartoon Vehicles/Meshes/HI-ACE.FBX using Guid(d86c58861451584468848fca293b4784) Importer(815301076,1909f56bfc062723c751e8b465ee728b)  -> (artifact id: '49dc40507e58d4a8978d2061ee014982') in 0.113013 seconds 
========================================================================
Received Prepare
Registering precompiled user dll's ...
Registered in 0.009074 seconds.
Begin MonoManager ReloadAssembly
Native extension for WindowsStandalone target not found
Native extension for WebGL target not found
Refreshing native plugins compatible for Editor in 0.89 ms, found 3 plugins.
Preloading 0 native plugins for Editor in 0.00 ms.
Mono: successfully reloaded assembly
- Completed reload, in  1.854 seconds
Domain Reload Profiling:
	ReloadAssembly (1855ms)
		BeginReloadAssembly (197ms)
			ExecutionOrderSort (0ms)
			DisableScriptedObjects (9ms)
			BackupInstance (0ms)
			ReleaseScriptingObjects (0ms)
			CreateAndSetChildDomain (54ms)
		EndReloadAssembly (1508ms)
			LoadAssemblies (130ms)
			RebuildTransferFunctionScriptingTraits (0ms)
			SetupTypeCache (527ms)
			ReleaseScriptCaches (3ms)
			RebuildScriptCaches (77ms)
			SetupLoadedEditorAssemblies (663ms)
				LogAssemblyErrors (0ms)
				InitializePlatformSupportModulesInManaged (27ms)
				SetLoadedEditorAssemblies (1ms)
				RefreshPlugins (1ms)
				BeforeProcessingInitializeOnLoad (113ms)
				ProcessInitializeOnLoadAttributes (466ms)
				ProcessInitializeOnLoadMethodAttributes (38ms)
				AfterProcessingInitializeOnLoad (16ms)
				EditorAssembliesLoaded (0ms)
			ExecutionOrderSort2 (0ms)
			AwakeInstancesAfterBackupRestoration (14ms)
Platform modules already initialized, skipping
Refreshing native plugins compatible for Editor in 3.32 ms, found 3 plugins.
Preloading 0 native plugins for Editor in 0.00 ms.
Unloading 3038 Unused Serialized files (Serialized files now loaded: 0)
Unloading 15 unused Assets / (24.7 KB). Loaded Objects now: 3553.
Memory consumption went from 112.3 MB to 112.3 MB.
Total: 4.852800 ms (FindLiveObjects: 0.411800 ms CreateObjectMapping: 0.192200 ms MarkObjects: 4.216600 ms  DeleteObjects: 0.029900 ms)

AssetImportParameters requested are different than current active one (requested -> active):
  custom:video-decoder-ogg-theora: a1e56fd34408186e4bbccfd4996cb3dc -> 
  custom:container-muxer-webm: aa71ff27fc2769a1b78a27578f13a17b -> 
  custom:container-demuxer-webm: 4f35f7cbe854078d1ac9338744f61a02 -> 
  custom:video-encoder-webm-vp8: eb34c28f22e8b96e1ab97ce403110664 -> 
  custom:video-codec-MediaFoundation-h265: 746d11721c4dcdbdad8f713fa42b33f4 -> 
  custom:audio-encoder-webm-vorbis: bf7c407c2cedff20999df2af8eb42d56 -> 
  custom:framework-win-MediaFoundation: 216162199b28c13a410421893ffa2e32 -> 
  custom:container-demuxer-ogg: 62fdf1f143b41e24485cea50d1cbac27 -> 
  custom:video-decoder-webm-vp8: 9c59270c3fd7afecdb556c50c9e8de78 -> 
  custom:audio-decoder-ogg-vorbis: bf7c407c2cedff20999df2af8eb42d56 -> 
