Using pre-set license
Built from '2021.3/staging' branch; Version is '2021.3.5f1 (40eb3a945986) revision 4254522'; Using compiler version '192829333'; Build Type 'Release'
OS: 'Windows 11  (10.0.22621) 64bit Core' Language: 'en' Physical Memory: 16122 MB
BatchMode: 1, IsHumanControllingUs: 0, StartBugReporterOnCrash: 0, Is64bit: 1, IsPro: 1

COMMAND LINE ARGUMENTS:
C:\Program Files\Unity\Hub\Editor\2021.3.5f1\Editor\Unity.exe
-adb2
-batchMode
-noUpm
-name
AssetImportWorker1
-projectPath
C:/Users/fairy/Documents/GitHub/SE-Tri1-Final-Project/Prototype 1
-logFile
Logs/AssetImportWorker1.log
-srvPort
65263
Successfully changed project path to: C:/Users/fairy/Documents/GitHub/SE-Tri1-Final-Project/Prototype 1
C:/Users/fairy/Documents/GitHub/SE-Tri1-Final-Project/Prototype 1
[UnityMemory] Configuration Parameters - Can be set up in boot.config
    "memorysetup-bucket-allocator-granularity=16"
    "memorysetup-bucket-allocator-bucket-count=8"
    "memorysetup-bucket-allocator-block-size=33554432"
    "memorysetup-bucket-allocator-block-count=8"
    "memorysetup-main-allocator-block-size=16777216"
    "memorysetup-thread-allocator-block-size=16777216"
    "memorysetup-gfx-main-allocator-block-size=16777216"
    "memorysetup-gfx-thread-allocator-block-size=16777216"
    "memorysetup-cache-allocator-block-size=4194304"
    "memorysetup-typetree-allocator-block-size=2097152"
    "memorysetup-profiler-bucket-allocator-granularity=16"
    "memorysetup-profiler-bucket-allocator-bucket-count=8"
    "memorysetup-profiler-bucket-allocator-block-size=33554432"
    "memorysetup-profiler-bucket-allocator-block-count=8"
    "memorysetup-profiler-allocator-block-size=16777216"
    "memorysetup-profiler-editor-allocator-block-size=1048576"
    "memorysetup-temp-allocator-size-main=16777216"
    "memorysetup-job-temp-allocator-block-size=2097152"
    "memorysetup-job-temp-allocator-block-size-background=1048576"
    "memorysetup-job-temp-allocator-reduction-small-platforms=262144"
    "memorysetup-temp-allocator-size-background-worker=32768"
    "memorysetup-temp-allocator-size-job-worker=262144"
    "memorysetup-temp-allocator-size-preload-manager=33554432"
    "memorysetup-temp-allocator-size-nav-mesh-worker=65536"
    "memorysetup-temp-allocator-size-audio-worker=65536"
    "memorysetup-temp-allocator-size-cloud-worker=32768"
    "memorysetup-temp-allocator-size-gi-baking-worker=262144"
    "memorysetup-temp-allocator-size-gfx=262144"
Refreshing native plugins compatible for Editor in 83.88 ms, found 3 plugins.
Preloading 0 native plugins for Editor in 0.00 ms.
Initialize engine version: 2021.3.5f1 (40eb3a945986)
[Subsystems] Discovering subsystems at path C:/Program Files/Unity/Hub/Editor/2021.3.5f1/Editor/Data/Resources/UnitySubsystems
[Subsystems] Discovering subsystems at path C:/Users/fairy/Documents/GitHub/SE-Tri1-Final-Project/Prototype 1/Assets
GfxDevice: creating device client; threaded=0; jobified=0
Direct3D:
    Version:  Direct3D 11.0 [level 11.1]
    Renderer: Intel(R) Iris(R) Xe Graphics (ID=0x9a49)
    Vendor:   Intel
    VRAM:     8061 MB
    Driver:   31.0.101.4502
Initialize mono
Mono path[0] = 'C:/Program Files/Unity/Hub/Editor/2021.3.5f1/Editor/Data/Managed'
Mono path[1] = 'C:/Program Files/Unity/Hub/Editor/2021.3.5f1/Editor/Data/MonoBleedingEdge/lib/mono/unityjit-win32'
Mono config path = 'C:/Program Files/Unity/Hub/Editor/2021.3.5f1/Editor/Data/MonoBleedingEdge/etc'
Using monoOptions --debugger-agent=transport=dt_socket,embedding=1,server=y,suspend=n,address=127.0.0.1:56280
Begin MonoManager ReloadAssembly
Registering precompiled unity dll's ...
Register platform support module: C:/Program Files/Unity/Hub/Editor/2021.3.5f1/Editor/Data/PlaybackEngines/WebGLSupport/UnityEditor.WebGL.Extensions.dll
Register platform support module: C:/Program Files/Unity/Hub/Editor/2021.3.5f1/Editor/Data/PlaybackEngines/WindowsStandaloneSupport/UnityEditor.WindowsStandalone.Extensions.dll
Registered in 0.008032 seconds.
Native extension for WindowsStandalone target not found
Native extension for WebGL target not found
Refreshing native plugins compatible for Editor in 81.27 ms, found 3 plugins.
Preloading 0 native plugins for Editor in 0.00 ms.
Mono: successfully reloaded assembly
- Completed reload, in  0.835 seconds
Domain Reload Profiling:
	ReloadAssembly (836ms)
		BeginReloadAssembly (109ms)
			ExecutionOrderSort (0ms)
			DisableScriptedObjects (0ms)
			BackupInstance (0ms)
			ReleaseScriptingObjects (0ms)
			CreateAndSetChildDomain (1ms)
		EndReloadAssembly (586ms)
			LoadAssemblies (107ms)
			RebuildTransferFunctionScriptingTraits (0ms)
			SetupTypeCache (145ms)
			ReleaseScriptCaches (0ms)
			RebuildScriptCaches (32ms)
			SetupLoadedEditorAssemblies (342ms)
				LogAssemblyErrors (0ms)
				InitializePlatformSupportModulesInManaged (13ms)
				SetLoadedEditorAssemblies (0ms)
				RefreshPlugins (81ms)
				BeforeProcessingInitializeOnLoad (2ms)
				ProcessInitializeOnLoadAttributes (183ms)
				ProcessInitializeOnLoadMethodAttributes (63ms)
				AfterProcessingInitializeOnLoad (0ms)
				EditorAssembliesLoaded (0ms)
			ExecutionOrderSort2 (0ms)
			AwakeInstancesAfterBackupRestoration (0ms)
Platform modules already initialized, skipping
Registering precompiled user dll's ...
Registered in 0.007446 seconds.
Begin MonoManager ReloadAssembly
Native extension for WindowsStandalone target not found
Native extension for WebGL target not found
Refreshing native plugins compatible for Editor in 0.69 ms, found 3 plugins.
Preloading 0 native plugins for Editor in 0.00 ms.
Mono: successfully reloaded assembly
- Completed reload, in  1.287 seconds
Domain Reload Profiling:
	ReloadAssembly (1288ms)
		BeginReloadAssembly (162ms)
			ExecutionOrderSort (0ms)
			DisableScriptedObjects (8ms)
			BackupInstance (0ms)
			ReleaseScriptingObjects (0ms)
			CreateAndSetChildDomain (27ms)
		EndReloadAssembly (977ms)
			LoadAssemblies (115ms)
			RebuildTransferFunctionScriptingTraits (0ms)
			SetupTypeCache (304ms)
			ReleaseScriptCaches (1ms)
			RebuildScriptCaches (64ms)
			SetupLoadedEditorAssemblies (457ms)
				LogAssemblyErrors (0ms)
				InitializePlatformSupportModulesInManaged (11ms)
				SetLoadedEditorAssemblies (1ms)
				RefreshPlugins (1ms)
				BeforeProcessingInitializeOnLoad (108ms)
				ProcessInitializeOnLoadAttributes (308ms)
				ProcessInitializeOnLoadMethodAttributes (19ms)
				AfterProcessingInitializeOnLoad (9ms)
				EditorAssembliesLoaded (0ms)
			ExecutionOrderSort2 (0ms)
			AwakeInstancesAfterBackupRestoration (8ms)
Platform modules already initialized, skipping
========================================================================
Worker process is ready to serve import requests
Launched and connected shader compiler UnityShaderCompiler.exe after 0.06 seconds
Refreshing native plugins compatible for Editor in 0.51 ms, found 3 plugins.
Preloading 0 native plugins for Editor in 0.00 ms.
Unloading 3045 Unused Serialized files (Serialized files now loaded: 0)
Unloading 22 unused Assets / (55.2 KB). Loaded Objects now: 3507.
Memory consumption went from 107.7 MB to 107.7 MB.
Total: 3.838300 ms (FindLiveObjects: 0.302700 ms CreateObjectMapping: 0.116000 ms MarkObjects: 3.342700 ms  DeleteObjects: 0.074900 ms)

AssetImportParameters requested are different than current active one (requested -> active):
  custom:video-decoder-ogg-theora: a1e56fd34408186e4bbccfd4996cb3dc -> 
  custom:container-muxer-webm: aa71ff27fc2769a1b78a27578f13a17b -> 
  custom:container-demuxer-webm: 4f35f7cbe854078d1ac9338744f61a02 -> 
  custom:video-encoder-webm-vp8: eb34c28f22e8b96e1ab97ce403110664 -> 
  custom:video-codec-MediaFoundation-h265: 746d11721c4dcdbdad8f713fa42b33f4 -> 
  custom:audio-encoder-webm-vorbis: bf7c407c2cedff20999df2af8eb42d56 -> 
  custom:framework-win-MediaFoundation: 216162199b28c13a410421893ffa2e32 -> 
  custom:container-demuxer-ogg: 62fdf1f143b41e24485cea50d1cbac27 -> 
  custom:video-decoder-webm-vp8: 9c59270c3fd7afecdb556c50c9e8de78 -> 
  custom:audio-decoder-ogg-vorbis: bf7c407c2cedff20999df2af8eb42d56 -> 
========================================================================
Received Import Request.
  Time since last request: 2748850.774350 seconds.
  path: Assets/Challenge 1
  artifactKey: Guid(76c4151b200124c0ca7b9eb615ff5846) Importer(815301076,1909f56bfc062723c751e8b465ee728b)
Start importing Assets/Challenge 1 using Guid(76c4151b200124c0ca7b9eb615ff5846) Importer(815301076,1909f56bfc062723c751e8b465ee728b)  -> (artifact id: '5a018dc056a51af303373d5717174a98') in 0.022700 seconds 
========================================================================
Received Import Request.
  Time since last request: 0.000024 seconds.
  path: Assets/Challenge 1/Challenge 1.unity
  artifactKey: Guid(b6cc3e14dbc3342c8ab192babf679766) Importer(815301076,1909f56bfc062723c751e8b465ee728b)
Start importing Assets/Challenge 1/Challenge 1.unity using Guid(b6cc3e14dbc3342c8ab192babf679766) Importer(815301076,1909f56bfc062723c751e8b465ee728b)  -> (artifact id: 'e229e035841ccc7026e2634b85f9f711') in 0.015511 seconds 
========================================================================
Received Import Request.
  Time since last request: 259.390320 seconds.
  path: Assets/Cartoon Vehicles/Prefabs/CAR GREEN.prefab
  artifactKey: Guid(2f29e951bc3d98845a396d5a437b7acb) Importer(815301076,1909f56bfc062723c751e8b465ee728b)
Start importing Assets/Cartoon Vehicles/Prefabs/CAR GREEN.prefab using Guid(2f29e951bc3d98845a396d5a437b7acb) Importer(815301076,1909f56bfc062723c751e8b465ee728b)  -> (artifact id: 'c3517b74201ee7d4a056872af2aa5eae') in 0.340098 seconds 
========================================================================
Received Import Request.
  Time since last request: 0.000040 seconds.
  path: Assets/Cartoon Vehicles/Prefabs
  artifactKey: Guid(46c3cf80ef5a23642838da04ec6d0604) Importer(815301076,1909f56bfc062723c751e8b465ee728b)
Start importing Assets/Cartoon Vehicles/Prefabs using Guid(46c3cf80ef5a23642838da04ec6d0604) Importer(815301076,1909f56bfc062723c751e8b465ee728b)  -> (artifact id: '8d9be6ae5d8b42f01c8155fe6bbae2e8') in 0.016136 seconds 
========================================================================
Received Import Request.
  Time since last request: 0.000032 seconds.
  path: Assets/Cartoon Vehicles/Prefabs/YELLOW BUS.prefab
  artifactKey: Guid(3e40e63120ffc954b98cd3c4273f271e) Importer(815301076,1909f56bfc062723c751e8b465ee728b)
Start importing Assets/Cartoon Vehicles/Prefabs/YELLOW BUS.prefab using Guid(3e40e63120ffc954b98cd3c4273f271e) Importer(815301076,1909f56bfc062723c751e8b465ee728b)  -> (artifact id: '687a74fc1e04776e166aba12ee1a1afe') in 0.046180 seconds 
========================================================================
Received Import Request.
  Time since last request: 0.000043 seconds.
  path: Assets/Cartoon Vehicles/Prefabs/TRUCK_BLUE.prefab
  artifactKey: Guid(7ffee1857efe42346b9aab11dfc1756c) Importer(815301076,1909f56bfc062723c751e8b465ee728b)
Start importing Assets/Cartoon Vehicles/Prefabs/TRUCK_BLUE.prefab using Guid(7ffee1857efe42346b9aab11dfc1756c) Importer(815301076,1909f56bfc062723c751e8b465ee728b)  -> (artifact id: '663c0e95a66b328a0a4ad98444d76656') in 0.039958 seconds 
========================================================================
Received Import Request.
  Time since last request: 0.000041 seconds.
  path: Assets/Cartoon Vehicles/Prefabs/TUK TUK.prefab
  artifactKey: Guid(c14cc8a314bda3b469e7b6c94f542ae2) Importer(815301076,1909f56bfc062723c751e8b465ee728b)
Start importing Assets/Cartoon Vehicles/Prefabs/TUK TUK.prefab using Guid(c14cc8a314bda3b469e7b6c94f542ae2) Importer(815301076,1909f56bfc062723c751e8b465ee728b)  -> (artifact id: '581c7b34b9f78ff5fc8ff0e3ade52eb0') in 0.057565 seconds 
========================================================================
Received Import Request.
  Time since last request: 2.547207 seconds.
  path: Assets/Cartoon Vehicles/Meshes/CAR GREEN.FBX
  artifactKey: Guid(9596ea9a6f5b9a748b156619841de332) Importer(815301076,1909f56bfc062723c751e8b465ee728b)
Start importing Assets/Cartoon Vehicles/Meshes/CAR GREEN.FBX using Guid(9596ea9a6f5b9a748b156619841de332) Importer(815301076,1909f56bfc062723c751e8b465ee728b)  -> (artifact id: '845bbfaa0ea7d66d533a10982afb6ed1') in 0.219553 seconds 
========================================================================
Received Import Request.
  Time since last request: 0.000043 seconds.
  path: Assets/Cartoon Vehicles/Meshes/RED BUS.FBX
  artifactKey: Guid(f0c0ba3c2634fc84aa89003423bd6522) Importer(815301076,1909f56bfc062723c751e8b465ee728b)
Start importing Assets/Cartoon Vehicles/Meshes/RED BUS.FBX using Guid(f0c0ba3c2634fc84aa89003423bd6522) Importer(815301076,1909f56bfc062723c751e8b465ee728b)  -> (artifact id: '98cc87d1655481f1ce9d728e6a9ded36') in 0.133719 seconds 
========================================================================
Received Import Request.
  Time since last request: 0.000047 seconds.
  path: Assets/Cartoon Vehicles/Meshes/YELLOW BUS.FBX
  artifactKey: Guid(f1f21fff1119f1340b77e2cc7de97668) Importer(815301076,1909f56bfc062723c751e8b465ee728b)
Start importing Assets/Cartoon Vehicles/Meshes/YELLOW BUS.FBX using Guid(f1f21fff1119f1340b77e2cc7de97668) Importer(815301076,1909f56bfc062723c751e8b465ee728b)  -> (artifact id: 'f24aeed9a9314a9ad5deb23d7dc6032f') in 0.124986 seconds 
========================================================================
Received Import Request.
  Time since last request: 0.000024 seconds.
  path: Assets/Cartoon Vehicles/Meshes/TRUCK_BLUE.FBX
  artifactKey: Guid(c9aade4f8d857794eaccc3e14b34c8c0) Importer(815301076,1909f56bfc062723c751e8b465ee728b)
Start importing Assets/Cartoon Vehicles/Meshes/TRUCK_BLUE.FBX using Guid(c9aade4f8d857794eaccc3e14b34c8c0) Importer(815301076,1909f56bfc062723c751e8b465ee728b)  -> (artifact id: '4d3db2e2524964ff101dbfdbab0aed2f') in 0.132615 seconds 
